<?xml version="1.0" encoding="UTF-8"?>
<!-- Generated by org.testng.reporters.JUnitReportReporter -->
<testsuite skipped="0" hostname="LAPTOP-8ONRQ0OO" name="com.test.automation.test.Login" tests="1" failures="0" timestamp="23 Feb 2018 17:52:59 GMT" time="53.013" errors="0">
  <testcase name="teslogin" time="53.013" classname="com.test.automation.test.Login"/>
</testsuite> <!-- com.test.automation.test.Login -->
